<?xml version="1.0" encoding="UTF-8"?>
<!-- Generated by org.testng.reporters.JUnitReportReporter -->
<testsuite skipped="0" hostname="hp" name="com.SwitchED.TestCases.TC_03_StudentSignIn" tests="1" failures="0" timestamp="02 Sep 2020 16:30:09 GMT" time="17.998" errors="0">
  <testcase name="SignInFunctionality" time="17.998" classname="com.SwitchED.TestCases.TC_03_StudentSignIn"/>
</testsuite> <!-- com.SwitchED.TestCases.TC_03_StudentSignIn -->
