<?xml version="1.0" encoding="UTF-8"?>
<!-- Generated by org.testng.reporters.JUnitReportReporter -->
<testsuite skipped="0" hostname="hp" name="com.SwitchED.TestCases.TC_02_StudentSignUP" tests="4" failures="0" timestamp="02 Sep 2020 08:05:05 GMT" time="23.605" errors="0">
  <testcase name="validatingSignUpPage" time="4.229" classname="com.SwitchED.TestCases.TC_02_StudentSignUP"/>
  <testcase name="SignUpPage_validatingTermsAndCondition" time="8.469" classname="com.SwitchED.TestCases.TC_02_StudentSignUP"/>
  <testcase name="validatingSignInLink" time="4.522" classname="com.SwitchED.TestCases.TC_02_StudentSignUP"/>
  <testcase name="validatingSignUpFunctionality" time="6.385" classname="com.SwitchED.TestCases.TC_02_StudentSignUP"/>
</testsuite> <!-- com.SwitchED.TestCases.TC_02_StudentSignUP -->
