<?xml version="1.0" encoding="UTF-8"?>
<!-- Generated by org.testng.reporters.JUnitReportReporter -->
<testsuite skipped="0" hostname="hp" name="com.SwitchED.TestCases.TC_04_ClassEnrol" tests="1" failures="0" timestamp="02 Sep 2020 17:30:15 GMT" time="39.852" errors="0">
  <testcase name="enrolClass" time="39.852" classname="com.SwitchED.TestCases.TC_04_ClassEnrol"/>
</testsuite> <!-- com.SwitchED.TestCases.TC_04_ClassEnrol -->
