<?xml version="1.0" encoding="UTF-8"?>
<!-- Generated by org.testng.reporters.JUnitReportReporter -->
<testsuite skipped="0" hostname="hp" name="com.SwitchED.TestCases.TC_01_Homepage" tests="1" failures="0" timestamp="02 Sep 2020 08:05:05 GMT" time="0.215" errors="0">
  <testcase name="ValidatingTitleOfTheHomePage" time="0.215" classname="com.SwitchED.TestCases.TC_01_Homepage"/>
</testsuite> <!-- com.SwitchED.TestCases.TC_01_Homepage -->
