<?xml version="1.0" encoding="UTF-8"?>
<!-- Generated by org.testng.reporters.JUnitReportReporter -->
<testsuite skipped="0" hostname="hp" name="com.SwitchED.TestCases.TC_02_SignUP" tests="4" failures="0" timestamp="01 Sep 2020 17:12:02 GMT" time="22.180" errors="0">
  <testcase name="validatingSignUpPage" time="2.446" classname="com.SwitchED.TestCases.TC_02_SignUP"/>
  <testcase name="SignUpPage_validatingTermsAndCondition" time="5.303" classname="com.SwitchED.TestCases.TC_02_SignUP"/>
  <testcase name="validatingSignInLink" time="2.230" classname="com.SwitchED.TestCases.TC_02_SignUP"/>
  <testcase name="validatingSignUpFunctionality" time="12.201" classname="com.SwitchED.TestCases.TC_02_SignUP"/>
</testsuite> <!-- com.SwitchED.TestCases.TC_02_SignUP -->
