<?xml version="1.0" encoding="UTF-8"?>
<!-- Generated by org.testng.reporters.JUnitReportReporter -->
<testsuite skipped="0" hostname="hp" name="com.SwitchED.TestCases.TC_03_StudentSignIn" tests="1" failures="0" timestamp="02 Sep 2020 17:30:15 GMT" time="5.427" errors="0">
  <testcase name="SignInFunctionality" time="5.427" classname="com.SwitchED.TestCases.TC_03_StudentSignIn"/>
</testsuite> <!-- com.SwitchED.TestCases.TC_03_StudentSignIn -->
