<?xml version="1.0" encoding="UTF-8"?>
<!-- Generated by org.testng.reporters.JUnitReportReporter -->
<testsuite skipped="0" hostname="hp" name="com.SwitchED.TestCases.TC_03_SignIn" tests="1" failures="0" timestamp="01 Sep 2020 17:12:02 GMT" time="12.391" errors="0">
  <testcase name="SignInFunctionality" time="12.391" classname="com.SwitchED.TestCases.TC_03_SignIn"/>
</testsuite> <!-- com.SwitchED.TestCases.TC_03_SignIn -->
